Build started 10/17/2012 9:07:39 AM.
     1>Project "C:\Users\Joshua\Documents\Visual Studio 2010\Projects\C++ CLR Test\StartTest\StartTest.vcxproj" on node 2 (build target(s)).
     1>InitializeBuildStatus:
         Touching "Debug\StartTest.unsuccessfulbuild".
       ClCompile:
         All outputs are up-to-date.
         C:\Program Files (x86)\Microsoft Visual Studio 10.0\VC\bin\CL.exe /c /ZI /nologo /W3 /WX- /Od /Oy- /D WIN32 /D _DEBUG /D _CONSOLE /D _UNICODE /D UNICODE /Gm /EHsc /RTC1 /MTd /GS /fp:precise /Zc:wchar_t /Zc:forScope /Yu"StdAfx.h" /Fp"Debug\StartTest.pch" /Fo"Debug\\" /Fd"Debug\vc100.pdb" /Gd /TP /analyze- /errorReport:prompt StartTest.cpp
         StartTest.cpp
       ManifestResourceCompile:
         All outputs are up-to-date.
       Link:
         C:\Program Files (x86)\Microsoft Visual Studio 10.0\VC\bin\link.exe /ERRORREPORT:PROMPT /OUT:"C:\Users\Joshua\Documents\Visual Studio 2010\Projects\C++ CLR Test\Debug\StartTest.exe" /INCREMENTAL /NOLOGO kernel32.lib user32.lib gdi32.lib winspool.lib comdlg32.lib advapi32.lib shell32.lib ole32.lib oleaut32.lib uuid.lib odbc32.lib odbccp32.lib /MANIFEST /ManifestFile:"Debug\StartTest.exe.intermediate.manifest" /MANIFESTUAC:"level='asInvoker' uiAccess='false'" /DEBUG /PDB:"C:\Users\Joshua\Documents\Visual Studio 2010\Projects\C++ CLR Test\Debug\StartTest.pdb" /SUBSYSTEM:CONSOLE /TLBID:1 /DYNAMICBASE /NXCOMPAT /IMPLIB:"C:\Users\Joshua\Documents\Visual Studio 2010\Projects\C++ CLR Test\Debug\StartTest.lib" /MACHINE:X86 Debug\StartTest.exe.embed.manifest.res
         Debug\StartTest.obj
         Debug\stdafx.obj
     1>LINK : fatal error LNK1104: cannot open file 'Test1.lib'
     1>Done Building Project "C:\Users\Joshua\Documents\Visual Studio 2010\Projects\C++ CLR Test\StartTest\StartTest.vcxproj" (build target(s)) -- FAILED.

Build FAILED.

Time Elapsed 00:00:00.27
